[debug] [2020-11-14T19:07:32.277Z] ----------------------------------------------------------------------
[debug] [2020-11-14T19:07:32.280Z] Command:       C:\Program Files\nodejs\node.exe C:\Users\nidak\AppData\Roaming\npm\node_modules\firebase-tools\lib\bin\firebase.js init
[debug] [2020-11-14T19:07:32.281Z] CLI Version:   8.1.1
[debug] [2020-11-14T19:07:32.281Z] Platform:      win32
[debug] [2020-11-14T19:07:32.281Z] Node Version:  v12.16.2
[debug] [2020-11-14T19:07:32.283Z] Time:          Sun Nov 15 2020 00:07:32 GMT+0500 (Pakistan Standard Time)
[debug] [2020-11-14T19:07:32.283Z] ----------------------------------------------------------------------
[debug] [2020-11-14T19:07:32.284Z] 
[debug] [2020-11-14T19:07:32.305Z] > command requires scopes: ["email","openid","https://www.googleapis.com/auth/cloudplatformprojects.readonly","https://www.googleapis.com/auth/firebase","https://www.googleapis.com/auth/cloud-platform"]
[debug] [2020-11-14T19:07:32.305Z] > authorizing via signed-in user
[info] 
     ######## #### ########  ######## ########     ###     ######  ########
     ##        ##  ##     ## ##       ##     ##  ##   ##  ##       ##
     ######    ##  ########  ######   ########  #########  ######  ######
     ##        ##  ##    ##  ##       ##     ## ##     ##       ## ##
     ##       #### ##     ## ######## ########  ##     ##  ######  ########

You're about to initialize a Firebase project in this directory:

  C:\Users\nidak\Downloads\olx-react--master

Before we get started, keep in mind:

  * You are initializing in an existing Firebase project directory

[info] 
=== Project Setup
[info] 
[info] First, let's associate this project directory with a Firebase project.
[info] You can create multiple project aliases by running firebase use --add, 
[info] but for now we'll just set up a default project.
[info] 
[info] i  .firebaserc already has a default project, using abi-olx.
[debug] [2020-11-14T19:09:45.803Z] > refreshing access token with scopes: ["email","https://www.googleapis.com/auth/cloud-platform","https://www.googleapis.com/auth/cloudplatformprojects.readonly","https://www.googleapis.com/auth/firebase","openid"]
[debug] [2020-11-14T19:09:45.803Z] >>> HTTP REQUEST POST https://www.googleapis.com/oauth2/v3/token  
 <request body omitted>
[debug] [2020-11-14T19:09:46.747Z] <<< HTTP RESPONSE 200 {"expires":"Mon, 01 Jan 1990 00:00:00 GMT","pragma":"no-cache","date":"Sat, 14 Nov 2020 19:09:46 GMT","cache-control":"no-cache, no-store, max-age=0, must-revalidate","content-type":"application/json; charset=utf-8","vary":"X-Origin, Referer, Origin,Accept-Encoding","server":"scaffolding on HTTPServer2","x-xss-protection":"0","x-frame-options":"SAMEORIGIN","x-content-type-options":"nosniff","alt-svc":"h3-Q050=\":443\"; ma=2592000,h3-29=\":443\"; ma=2592000,h3-T051=\":443\"; ma=2592000,h3-Q046=\":443\"; ma=2592000,h3-Q043=\":443\"; ma=2592000,quic=\":443\"; ma=2592000; v=\"46,43\"","accept-ranges":"none","transfer-encoding":"chunked"}
[debug] [2020-11-14T19:09:46.758Z] >>> HTTP REQUEST GET https://firebase.googleapis.com/v1beta1/projects/abi-olx  
 
[debug] [2020-11-14T19:09:47.769Z] <<< HTTP RESPONSE 403 {"vary":"X-Origin, Referer, Origin,Accept-Encoding","content-type":"application/json; charset=UTF-8","date":"Sat, 14 Nov 2020 19:09:47 GMT","server":"ESF","cache-control":"private","x-xss-protection":"0","x-frame-options":"SAMEORIGIN","x-content-type-options":"nosniff","alt-svc":"h3-Q050=\":443\"; ma=2592000,h3-29=\":443\"; ma=2592000,h3-T051=\":443\"; ma=2592000,h3-Q046=\":443\"; ma=2592000,h3-Q043=\":443\"; ma=2592000,quic=\":443\"; ma=2592000; v=\"46,43\"","accept-ranges":"none","transfer-encoding":"chunked"}
[debug] [2020-11-14T19:09:47.770Z] <<< HTTP RESPONSE BODY {"error":{"code":403,"message":"The caller does not have permission","status":"PERMISSION_DENIED"}}
[debug] [2020-11-14T19:09:47.776Z] HTTP Error: 403, The caller does not have permission
[debug] [2020-11-14T19:09:48.529Z] FirebaseError: HTTP Error: 403, The caller does not have permission
    at module.exports (C:\Users\nidak\AppData\Roaming\npm\node_modules\firebase-tools\lib\responseToError.js:38:12)
    at Request._callback (C:\Users\nidak\AppData\Roaming\npm\node_modules\firebase-tools\lib\api.js:41:35)
    at Request.self.callback (C:\Users\nidak\AppData\Roaming\npm\node_modules\firebase-tools\node_modules\request\request.js:185:22)
    at Request.emit (events.js:310:20)
    at Request.EventEmitter.emit (domain.js:482:12)
    at Request.<anonymous> (C:\Users\nidak\AppData\Roaming\npm\node_modules\firebase-tools\node_modules\request\request.js:1154:10)
    at Request.emit (events.js:310:20)
    at Request.EventEmitter.emit (domain.js:482:12)
    at IncomingMessage.<anonymous> (C:\Users\nidak\AppData\Roaming\npm\node_modules\firebase-tools\node_modules\request\request.js:1076:12)
    at Object.onceWrapper (events.js:416:28)
    at IncomingMessage.emit (events.js:322:22)
    at IncomingMessage.EventEmitter.emit (domain.js:482:12)
    at endReadableNT (_stream_readable.js:1187:12)
    at processTicksAndRejections (internal/process/task_queues.js:84:21)
[error] 
[error] Error: Failed to get Firebase project abi-olx. Please make sure the project exists and your account has permission to access it.
[debug] [2020-11-14T19:10:12.135Z] ----------------------------------------------------------------------
[debug] [2020-11-14T19:10:12.138Z] Command:       C:\Program Files\nodejs\node.exe C:\Users\nidak\AppData\Roaming\npm\node_modules\firebase-tools\lib\bin\firebase.js init
[debug] [2020-11-14T19:10:12.138Z] CLI Version:   8.1.1
[debug] [2020-11-14T19:10:12.138Z] Platform:      win32
[debug] [2020-11-14T19:10:12.139Z] Node Version:  v12.16.2
[debug] [2020-11-14T19:10:12.140Z] Time:          Sun Nov 15 2020 00:10:12 GMT+0500 (Pakistan Standard Time)
[debug] [2020-11-14T19:10:12.140Z] ----------------------------------------------------------------------
[debug] [2020-11-14T19:10:12.140Z] 
[debug] [2020-11-14T19:10:12.149Z] > command requires scopes: ["email","openid","https://www.googleapis.com/auth/cloudplatformprojects.readonly","https://www.googleapis.com/auth/firebase","https://www.googleapis.com/auth/cloud-platform"]
[debug] [2020-11-14T19:10:12.149Z] > authorizing via signed-in user
[info] 
     ######## #### ########  ######## ########     ###     ######  ########
     ##        ##  ##     ## ##       ##     ##  ##   ##  ##       ##
     ######    ##  ########  ######   ########  #########  ######  ######
     ##        ##  ##    ##  ##       ##     ## ##     ##       ## ##
     ##       #### ##     ## ######## ########  ##     ##  ######  ########

You're about to initialize a Firebase project in this directory:

  C:\Users\nidak\Downloads\olx-react--master

Before we get started, keep in mind:

  * You are initializing in an existing Firebase project directory

[info] 
=== Project Setup
[info] 
[info] First, let's associate this project directory with a Firebase project.
[info] You can create multiple project aliases by running firebase use --add, 
[info] but for now we'll just set up a default project.
[info] 
[info] i  .firebaserc already has a default project, using abi-olx.
[debug] [2020-11-14T19:10:52.317Z] >>> HTTP REQUEST GET https://firebase.googleapis.com/v1beta1/projects/abi-olx  
 
[debug] [2020-11-14T19:10:53.410Z] <<< HTTP RESPONSE 403 {"vary":"X-Origin, Referer, Origin,Accept-Encoding","content-type":"application/json; charset=UTF-8","date":"Sat, 14 Nov 2020 19:10:52 GMT","server":"ESF","cache-control":"private","x-xss-protection":"0","x-frame-options":"SAMEORIGIN","x-content-type-options":"nosniff","alt-svc":"h3-Q050=\":443\"; ma=2592000,h3-29=\":443\"; ma=2592000,h3-T051=\":443\"; ma=2592000,h3-Q046=\":443\"; ma=2592000,h3-Q043=\":443\"; ma=2592000,quic=\":443\"; ma=2592000; v=\"46,43\"","accept-ranges":"none","transfer-encoding":"chunked"}
[debug] [2020-11-14T19:10:53.410Z] <<< HTTP RESPONSE BODY {"error":{"code":403,"message":"The caller does not have permission","status":"PERMISSION_DENIED"}}
[debug] [2020-11-14T19:10:53.413Z] HTTP Error: 403, The caller does not have permission
[debug] [2020-11-14T19:10:53.984Z] FirebaseError: HTTP Error: 403, The caller does not have permission
    at module.exports (C:\Users\nidak\AppData\Roaming\npm\node_modules\firebase-tools\lib\responseToError.js:38:12)
    at Request._callback (C:\Users\nidak\AppData\Roaming\npm\node_modules\firebase-tools\lib\api.js:41:35)
    at Request.self.callback (C:\Users\nidak\AppData\Roaming\npm\node_modules\firebase-tools\node_modules\request\request.js:185:22)
    at Request.emit (events.js:310:20)
    at Request.EventEmitter.emit (domain.js:482:12)
    at Request.<anonymous> (C:\Users\nidak\AppData\Roaming\npm\node_modules\firebase-tools\node_modules\request\request.js:1154:10)
    at Request.emit (events.js:310:20)
    at Request.EventEmitter.emit (domain.js:482:12)
    at IncomingMessage.<anonymous> (C:\Users\nidak\AppData\Roaming\npm\node_modules\firebase-tools\node_modules\request\request.js:1076:12)
    at Object.onceWrapper (events.js:416:28)
    at IncomingMessage.emit (events.js:322:22)
    at IncomingMessage.EventEmitter.emit (domain.js:482:12)
    at endReadableNT (_stream_readable.js:1187:12)
    at processTicksAndRejections (internal/process/task_queues.js:84:21)
[error] 
[error] Error: Failed to get Firebase project abi-olx. Please make sure the project exists and your account has permission to access it.
